Using pre-set license
Built from '2021.3/staging' branch; Version is '2021.3.24f1 (cf10dcf7010d) revision 13570268'; Using compiler version '192829333'; Build Type 'Release'
OS: 'Windows 10  (10.0.19045) 64bit Professional' Language: 'en' Physical Memory: 16344 MB
BatchMode: 1, IsHumanControllingUs: 0, StartBugReporterOnCrash: 0, Is64bit: 1, IsPro: 1

COMMAND LINE ARGUMENTS:
D:\Unity\2021.3.24f1\Editor\Unity.exe
-adb2
-batchMode
-noUpm
-name
AssetImportWorker1
-projectPath
D:/Fog Of War Example
-logFile
Logs/AssetImportWorker1.log
-srvPort
60994
Successfully changed project path to: D:/Fog Of War Example
D:/Fog Of War Example
[UnityMemory] Configuration Parameters - Can be set up in boot.config
    "memorysetup-bucket-allocator-granularity=16"
    "memorysetup-bucket-allocator-bucket-count=8"
    "memorysetup-bucket-allocator-block-size=33554432"
    "memorysetup-bucket-allocator-block-count=8"
    "memorysetup-main-allocator-block-size=16777216"
    "memorysetup-thread-allocator-block-size=16777216"
    "memorysetup-gfx-main-allocator-block-size=16777216"
    "memorysetup-gfx-thread-allocator-block-size=16777216"
    "memorysetup-cache-allocator-block-size=4194304"
    "memorysetup-typetree-allocator-block-size=2097152"
    "memorysetup-profiler-bucket-allocator-granularity=16"
    "memorysetup-profiler-bucket-allocator-bucket-count=8"
    "memorysetup-profiler-bucket-allocator-block-size=33554432"
    "memorysetup-profiler-bucket-allocator-block-count=8"
    "memorysetup-profiler-allocator-block-size=16777216"
    "memorysetup-profiler-editor-allocator-block-size=1048576"
    "memorysetup-temp-allocator-size-main=16777216"
    "memorysetup-job-temp-allocator-block-size=2097152"
    "memorysetup-job-temp-allocator-block-size-background=1048576"
    "memorysetup-job-temp-allocator-reduction-small-platforms=262144"
    "memorysetup-temp-allocator-size-background-worker=32768"
    "memorysetup-temp-allocator-size-job-worker=262144"
    "memorysetup-temp-allocator-size-preload-manager=33554432"
    "memorysetup-temp-allocator-size-nav-mesh-worker=65536"
    "memorysetup-temp-allocator-size-audio-worker=65536"
    "memorysetup-temp-allocator-size-cloud-worker=32768"
    "memorysetup-temp-allocator-size-gi-baking-worker=262144"
    "memorysetup-temp-allocator-size-gfx=262144"
Player connection [309776] Host "[IP] 192.168.1.106 [Port] 0 [Flags] 2 [Guid] 2938551407 [EditorId] 2938551407 [Version] 1048832 [Id] WindowsEditor(7,DESKTOP-81PC7PS) [Debug] 1 [PackageName] WindowsEditor [ProjectName] Editor" joined multi-casting on [225.0.0.222:54997]...

Player connection [309776] Host "[IP] 192.168.1.106 [Port] 0 [Flags] 2 [Guid] 2938551407 [EditorId] 2938551407 [Version] 1048832 [Id] WindowsEditor(7,DESKTOP-81PC7PS) [Debug] 1 [PackageName] WindowsEditor [ProjectName] Editor" joined alternative multi-casting on [225.0.0.222:34997]...

Refreshing native plugins compatible for Editor in 151.92 ms, found 3 plugins.
Preloading 0 native plugins for Editor in 0.00 ms.
Initialize engine version: 2021.3.24f1 (cf10dcf7010d)
[Subsystems] Discovering subsystems at path D:/Unity/2021.3.24f1/Editor/Data/Resources/UnitySubsystems
[Subsystems] Discovering subsystems at path D:/Fog Of War Example/Assets
GfxDevice: creating device client; threaded=0; jobified=0
Direct3D:
    Version:  Direct3D 11.0 [level 11.1]
    Renderer: NVIDIA GeForce GTX 970 (ID=0x13c2)
    Vendor:   NVIDIA
    VRAM:     4043 MB
    Driver:   31.0.15.1748
Initialize mono
Mono path[0] = 'D:/Unity/2021.3.24f1/Editor/Data/Managed'
Mono path[1] = 'D:/Unity/2021.3.24f1/Editor/Data/MonoBleedingEdge/lib/mono/unityjit-win32'
Mono config path = 'D:/Unity/2021.3.24f1/Editor/Data/MonoBleedingEdge/etc'
Using monoOptions --debugger-agent=transport=dt_socket,embedding=1,server=y,suspend=n,address=127.0.0.1:56896
Begin MonoManager ReloadAssembly
Registering precompiled unity dll's ...
Register platform support module: D:/Unity/2021.3.24f1/Editor/Data/PlaybackEngines/WindowsStandaloneSupport/UnityEditor.WindowsStandalone.Extensions.dll
Registered in 0.003775 seconds.
Native extension for WindowsStandalone target not found
Refreshing native plugins compatible for Editor in 145.83 ms, found 3 plugins.
Preloading 0 native plugins for Editor in 0.00 ms.
Mono: successfully reloaded assembly
- Completed reload, in  0.880 seconds
Domain Reload Profiling:
	ReloadAssembly (880ms)
		BeginReloadAssembly (124ms)
			ExecutionOrderSort (0ms)
			DisableScriptedObjects (0ms)
			BackupInstance (0ms)
			ReleaseScriptingObjects (0ms)
			CreateAndSetChildDomain (1ms)
		EndReloadAssembly (639ms)
			LoadAssemblies (123ms)
			RebuildTransferFunctionScriptingTraits (0ms)
			SetupTypeCache (140ms)
			ReleaseScriptCaches (0ms)
			RebuildScriptCaches (39ms)
			SetupLoadedEditorAssemblies (397ms)
				LogAssemblyErrors (0ms)
				InitializePlatformSupportModulesInManaged (7ms)
				SetLoadedEditorAssemblies (1ms)
				RefreshPlugins (146ms)
				BeforeProcessingInitializeOnLoad (1ms)
				ProcessInitializeOnLoadAttributes (159ms)
				ProcessInitializeOnLoadMethodAttributes (82ms)
				AfterProcessingInitializeOnLoad (0ms)
				EditorAssembliesLoaded (0ms)
			ExecutionOrderSort2 (0ms)
			AwakeInstancesAfterBackupRestoration (0ms)
Platform modules already initialized, skipping
Registering precompiled user dll's ...
Registered in 0.008468 seconds.
Begin MonoManager ReloadAssembly
Symbol file LoadedFromMemory doesn't match image D:\Fog Of War Example\Library\PackageCache\com.unity.visualscripting@1.8.0\Editor\VisualScripting.Core\Dependencies\YamlDotNet\Unity.VisualScripting.YamlDotNet.dll
Symbol file LoadedFromMemory doesn't match image D:\Fog Of War Example\Library\PackageCache\com.unity.visualscripting@1.8.0\Editor\VisualScripting.Core\Dependencies\DotNetZip\Unity.VisualScripting.IonicZip.dll
Native extension for WindowsStandalone target not found
Refreshing native plugins compatible for Editor in 145.05 ms, found 3 plugins.
Preloading 0 native plugins for Editor in 0.00 ms.
Mono: successfully reloaded assembly
- Completed reload, in  1.900 seconds
Domain Reload Profiling:
	ReloadAssembly (1901ms)
		BeginReloadAssembly (176ms)
			ExecutionOrderSort (0ms)
			DisableScriptedObjects (10ms)
			BackupInstance (0ms)
			ReleaseScriptingObjects (0ms)
			CreateAndSetChildDomain (27ms)
		EndReloadAssembly (1596ms)
			LoadAssemblies (152ms)
			RebuildTransferFunctionScriptingTraits (0ms)
			SetupTypeCache (453ms)
			ReleaseScriptCaches (1ms)
			RebuildScriptCaches (86ms)
			SetupLoadedEditorAssemblies (888ms)
				LogAssemblyErrors (0ms)
				InitializePlatformSupportModulesInManaged (4ms)
				SetLoadedEditorAssemblies (0ms)
				RefreshPlugins (145ms)
				BeforeProcessingInitializeOnLoad (146ms)
				ProcessInitializeOnLoadAttributes (493ms)
				ProcessInitializeOnLoadMethodAttributes (96ms)
				AfterProcessingInitializeOnLoad (4ms)
				EditorAssembliesLoaded (0ms)
			ExecutionOrderSort2 (0ms)
			AwakeInstancesAfterBackupRestoration (8ms)
Platform modules already initialized, skipping
========================================================================
Worker process is ready to serve import requests
Launched and connected shader compiler UnityShaderCompiler.exe after 0.16 seconds
Refreshing native plugins compatible for Editor in 1.15 ms, found 3 plugins.
Preloading 0 native plugins for Editor in 0.00 ms.
Unloading 5313 Unused Serialized files (Serialized files now loaded: 0)
Unloading 50 unused Assets / (0.8 MB). Loaded Objects now: 5765.
Memory consumption went from 211.0 MB to 210.2 MB.
Total: 5.399200 ms (FindLiveObjects: 0.481000 ms CreateObjectMapping: 0.886900 ms MarkObjects: 3.624000 ms  DeleteObjects: 0.406300 ms)

AssetImportParameters requested are different than current active one (requested -> active):
  custom:video-decoder-ogg-theora: a1e56fd34408186e4bbccfd4996cb3dc -> 
  custom:container-muxer-webm: aa71ff27fc2769a1b78a27578f13a17b -> 
  custom:container-demuxer-webm: 4f35f7cbe854078d1ac9338744f61a02 -> 
  custom:video-encoder-webm-vp8: eb34c28f22e8b96e1ab97ce403110664 -> 
  custom:audio-encoder-webm-vorbis: bf7c407c2cedff20999df2af8eb42d56 -> 
  custom:framework-win-MediaFoundation: 216162199b28c13a410421893ffa2e32 -> 
  custom:container-demuxer-ogg: 62fdf1f143b41e24485cea50d1cbac27 -> 
  custom:video-decoder-webm-vp8: 9c59270c3fd7afecdb556c50c9e8de78 -> 
  custom:audio-decoder-ogg-vorbis: bf7c407c2cedff20999df2af8eb42d56 -> 
========================================================================
Received Import Request.
  Time since last request: 449538.126699 seconds.
  path: Assets/Editor
  artifactKey: Guid(788cd2eb543a4b9699fe4ec927da04ea) Importer(815301076,1909f56bfc062723c751e8b465ee728b)
Start importing Assets/Editor using Guid(788cd2eb543a4b9699fe4ec927da04ea) Importer(815301076,1909f56bfc062723c751e8b465ee728b)  -> (artifact id: 'a028017f3d6b6c4b1af91be746567c19') in 0.010244 seconds 
========================================================================
Received Import Request.
  Time since last request: 3.473948 seconds.
  path: Assets/Shader
  artifactKey: Guid(45ffe414aeb3846428dff97d2c48e64c) Importer(815301076,1909f56bfc062723c751e8b465ee728b)
Start importing Assets/Shader using Guid(45ffe414aeb3846428dff97d2c48e64c) Importer(815301076,1909f56bfc062723c751e8b465ee728b)  -> (artifact id: '0e66c3195079400959fa7ec4450dda67') in 0.003239 seconds 
========================================================================
Received Import Request.
  Time since last request: 29.613406 seconds.
  path: Assets/Shader/StencilShader.shader
  artifactKey: Guid(129a7a174fd66b0448edfc6349e06537) Importer(815301076,1909f56bfc062723c751e8b465ee728b)
Start importing Assets/Shader/StencilShader.shader using Guid(129a7a174fd66b0448edfc6349e06537) Importer(815301076,1909f56bfc062723c751e8b465ee728b)  -> (artifact id: 'a74f709c4c23999e846298c14badec8b') in 0.067317 seconds 
========================================================================
Received Import Request.
  Time since last request: 31.472416 seconds.
  path: Assets/Shader/StencilObject.shader
  artifactKey: Guid(044eda8b5b1897a40af2a9482acc5e33) Importer(815301076,1909f56bfc062723c751e8b465ee728b)
Start importing Assets/Shader/StencilObject.shader using Guid(044eda8b5b1897a40af2a9482acc5e33) Importer(815301076,1909f56bfc062723c751e8b465ee728b)  -> (artifact id: '4afed447df8a29c156f2a7b4a96da78c') in 0.004125 seconds 
========================================================================
Received Import Request.
  Time since last request: 65.248015 seconds.
  path: Assets/Shader/StencilShader.shader
  artifactKey: Guid(129a7a174fd66b0448edfc6349e06537) Importer(815301076,1909f56bfc062723c751e8b465ee728b)
Start importing Assets/Shader/StencilShader.shader using Guid(129a7a174fd66b0448edfc6349e06537) Importer(815301076,1909f56bfc062723c751e8b465ee728b)  -> (artifact id: '653e4d98fe8416542d0ba8e42593185f') in 0.003954 seconds 
========================================================================
Received Import Request.
  Time since last request: 2.274825 seconds.
  path: Assets/Shader/StencilShader.shader
  artifactKey: Guid(129a7a174fd66b0448edfc6349e06537) Importer(815301076,1909f56bfc062723c751e8b465ee728b)
Start importing Assets/Shader/StencilShader.shader using Guid(129a7a174fd66b0448edfc6349e06537) Importer(815301076,1909f56bfc062723c751e8b465ee728b)  -> (artifact id: '396d1dc30d77038a82583171302e5cf9') in 0.010892 seconds 
========================================================================
Received Import Request.
  Time since last request: 2.738457 seconds.
  path: Assets/Shader/StencilShader.shader
  artifactKey: Guid(129a7a174fd66b0448edfc6349e06537) Importer(815301076,1909f56bfc062723c751e8b465ee728b)
Start importing Assets/Shader/StencilShader.shader using Guid(129a7a174fd66b0448edfc6349e06537) Importer(815301076,1909f56bfc062723c751e8b465ee728b)  -> (artifact id: '5d7b72b775ca83b8934302228c1e8c38') in 0.012944 seconds 
========================================================================
Received Import Request.
  Time since last request: 3.507425 seconds.
  path: Assets/Shader/StencilShader.shader
  artifactKey: Guid(129a7a174fd66b0448edfc6349e06537) Importer(815301076,1909f56bfc062723c751e8b465ee728b)
Start importing Assets/Shader/StencilShader.shader using Guid(129a7a174fd66b0448edfc6349e06537) Importer(815301076,1909f56bfc062723c751e8b465ee728b)  -> (artifact id: 'd43ab77d6041fbf23b9f7c7640520d28') in 0.033298 seconds 
========================================================================
Received Import Request.
  Time since last request: 13.871967 seconds.
  path: Assets/Shader/StencilShader.shader
  artifactKey: Guid(129a7a174fd66b0448edfc6349e06537) Importer(815301076,1909f56bfc062723c751e8b465ee728b)
Start importing Assets/Shader/StencilShader.shader using Guid(129a7a174fd66b0448edfc6349e06537) Importer(815301076,1909f56bfc062723c751e8b465ee728b)  -> (artifact id: '0e09a377d413e7aa48972c4aeb80becc') in 0.007144 seconds 
========================================================================
Received Import Request.
  Time since last request: 4.336275 seconds.
  path: Assets/Shader/StencilShader.shader
  artifactKey: Guid(129a7a174fd66b0448edfc6349e06537) Importer(815301076,1909f56bfc062723c751e8b465ee728b)
Start importing Assets/Shader/StencilShader.shader using Guid(129a7a174fd66b0448edfc6349e06537) Importer(815301076,1909f56bfc062723c751e8b465ee728b)  -> (artifact id: '44a61c6c25ac128c0179143acd2cad2b') in 0.002822 seconds 
========================================================================
Received Import Request.
  Time since last request: 3.505964 seconds.
  path: Assets/Shader/StencilShader.shader
  artifactKey: Guid(129a7a174fd66b0448edfc6349e06537) Importer(815301076,1909f56bfc062723c751e8b465ee728b)
Start importing Assets/Shader/StencilShader.shader using Guid(129a7a174fd66b0448edfc6349e06537) Importer(815301076,1909f56bfc062723c751e8b465ee728b)  -> (artifact id: '34fab358362c71f0ac0032c58d985db6') in 0.010027 seconds 
========================================================================
Received Import Request.
  Time since last request: 1.985576 seconds.
  path: Assets/Shader/StencilShader.shader
  artifactKey: Guid(129a7a174fd66b0448edfc6349e06537) Importer(815301076,1909f56bfc062723c751e8b465ee728b)
Start importing Assets/Shader/StencilShader.shader using Guid(129a7a174fd66b0448edfc6349e06537) Importer(815301076,1909f56bfc062723c751e8b465ee728b)  -> (artifact id: 'f2ab0615b8145833f66f70d2e075111f') in 0.003629 seconds 
========================================================================
Received Import Request.
  Time since last request: 11.087216 seconds.
  path: Assets/Shader/StencilShader.shader
  artifactKey: Guid(129a7a174fd66b0448edfc6349e06537) Importer(815301076,1909f56bfc062723c751e8b465ee728b)
Start importing Assets/Shader/StencilShader.shader using Guid(129a7a174fd66b0448edfc6349e06537) Importer(815301076,1909f56bfc062723c751e8b465ee728b)  -> (artifact id: '20d4fb3c6b8375b4fa4adcb6d10781e1') in 0.004008 seconds 
========================================================================
Received Import Request.
  Time since last request: 2.357090 seconds.
  path: Assets/Shader/StencilShader.shader
  artifactKey: Guid(129a7a174fd66b0448edfc6349e06537) Importer(815301076,1909f56bfc062723c751e8b465ee728b)
Start importing Assets/Shader/StencilShader.shader using Guid(129a7a174fd66b0448edfc6349e06537) Importer(815301076,1909f56bfc062723c751e8b465ee728b)  -> (artifact id: 'c421c033781333df1032a9e4e45abdd4') in 0.010395 seconds 
========================================================================
Received Import Request.
  Time since last request: 2.346970 seconds.
  path: Assets/Shader/StencilShader.shader
  artifactKey: Guid(129a7a174fd66b0448edfc6349e06537) Importer(815301076,1909f56bfc062723c751e8b465ee728b)
Start importing Assets/Shader/StencilShader.shader using Guid(129a7a174fd66b0448edfc6349e06537) Importer(815301076,1909f56bfc062723c751e8b465ee728b)  -> (artifact id: '678caf3a2c72af3c1677e086d8b8b585') in 0.004419 seconds 
========================================================================
Received Import Request.
  Time since last request: 2.609119 seconds.
  path: Assets/Shader/StencilShader.shader
  artifactKey: Guid(129a7a174fd66b0448edfc6349e06537) Importer(815301076,1909f56bfc062723c751e8b465ee728b)
Start importing Assets/Shader/StencilShader.shader using Guid(129a7a174fd66b0448edfc6349e06537) Importer(815301076,1909f56bfc062723c751e8b465ee728b)  -> (artifact id: '4546ab994037fcaad9eeae43d9f812d1') in 0.005255 seconds 
========================================================================
Received Import Request.
  Time since last request: 14.485192 seconds.
  path: Assets/Shader/StencilShader.shader
  artifactKey: Guid(129a7a174fd66b0448edfc6349e06537) Importer(815301076,1909f56bfc062723c751e8b465ee728b)
Start importing Assets/Shader/StencilShader.shader using Guid(129a7a174fd66b0448edfc6349e06537) Importer(815301076,1909f56bfc062723c751e8b465ee728b)  -> (artifact id: '5aeed2fa591fe5147e7c5dd761769228') in 0.036674 seconds 
========================================================================
Received Import Request.
  Time since last request: 2.990318 seconds.
  path: Assets/Shader/StencilShader.shader
  artifactKey: Guid(129a7a174fd66b0448edfc6349e06537) Importer(815301076,1909f56bfc062723c751e8b465ee728b)
Start importing Assets/Shader/StencilShader.shader using Guid(129a7a174fd66b0448edfc6349e06537) Importer(815301076,1909f56bfc062723c751e8b465ee728b)  -> (artifact id: '00000000000000000000000000000000') in 0.001845 seconds  code(4) message(Build asset version error: assets/shader/stencilshader.shader in SourceAssetDB has modification time of '2023-06-01T18:06:24.9210553Z' while content on disk has modification time of '2023-06-01T18:06:26.1792228Z')
  ERROR: Build asset version error: assets/shader/stencilshader.shader in SourceAssetDB has modification time of '2023-06-01T18:06:24.9210553Z' while content on disk has modification time of '2023-06-01T18:06:26.1792228Z'
========================================================================
Received Import Request.
  Time since last request: 0.967509 seconds.
  path: Assets/Shader/StencilShader.shader
  artifactKey: Guid(129a7a174fd66b0448edfc6349e06537) Importer(815301076,1909f56bfc062723c751e8b465ee728b)
Start importing Assets/Shader/StencilShader.shader using Guid(129a7a174fd66b0448edfc6349e06537) Importer(815301076,1909f56bfc062723c751e8b465ee728b)  -> (artifact id: 'bc8e2496d6a7363ea42d3e303615c391') in 0.011087 seconds 
========================================================================
Received Import Request.
  Time since last request: 13.325382 seconds.
  path: Assets/Shader/StencilShader.shader
  artifactKey: Guid(129a7a174fd66b0448edfc6349e06537) Importer(815301076,1909f56bfc062723c751e8b465ee728b)
Start importing Assets/Shader/StencilShader.shader using Guid(129a7a174fd66b0448edfc6349e06537) Importer(815301076,1909f56bfc062723c751e8b465ee728b)  -> (artifact id: '4a9564cf7ab95a79d062ad86f69b102e') in 0.007157 seconds 
========================================================================
Received Import Request.
  Time since last request: 4.354184 seconds.
  path: Assets/Shader/StencilShader.shader
  artifactKey: Guid(129a7a174fd66b0448edfc6349e06537) Importer(815301076,1909f56bfc062723c751e8b465ee728b)
Start importing Assets/Shader/StencilShader.shader using Guid(129a7a174fd66b0448edfc6349e06537) Importer(815301076,1909f56bfc062723c751e8b465ee728b)  -> (artifact id: 'c6ceb92a8b0615b461b88bfbb7775865') in 0.022089 seconds 
========================================================================
Received Import Request.
  Time since last request: 2.263018 seconds.
  path: Assets/Shader/StencilShader.shader
  artifactKey: Guid(129a7a174fd66b0448edfc6349e06537) Importer(815301076,1909f56bfc062723c751e8b465ee728b)
Start importing Assets/Shader/StencilShader.shader using Guid(129a7a174fd66b0448edfc6349e06537) Importer(815301076,1909f56bfc062723c751e8b465ee728b)  -> (artifact id: '20a2938fbabaea11b1409c1ab222b4fc') in 0.004557 seconds 
========================================================================
Received Import Request.
  Time since last request: 410.942698 seconds.
  path: ProjectSettings/TagManager.asset
  artifactKey: Guid(00000000000000003000000000000000) Importer(815301076,1909f56bfc062723c751e8b465ee728b)
Start importing ProjectSettings/TagManager.asset using Guid(00000000000000003000000000000000) Importer(815301076,1909f56bfc062723c751e8b465ee728b)  -> (artifact id: '45f280c26c77c236fc8c4d636274b035') in 0.006950 seconds 
========================================================================
Received Prepare
Registering precompiled user dll's ...
Registered in 0.008441 seconds.
Begin MonoManager ReloadAssembly
Symbol file LoadedFromMemory doesn't match image D:\Fog Of War Example\Library\PackageCache\com.unity.visualscripting@1.8.0\Editor\VisualScripting.Core\Dependencies\YamlDotNet\Unity.VisualScripting.YamlDotNet.dll
Symbol file LoadedFromMemory doesn't match image D:\Fog Of War Example\Library\PackageCache\com.unity.visualscripting@1.8.0\Editor\VisualScripting.Core\Dependencies\DotNetZip\Unity.VisualScripting.IonicZip.dll
Native extension for WindowsStandalone target not found
Refreshing native plugins compatible for Editor in 0.93 ms, found 3 plugins.
Preloading 0 native plugins for Editor in 0.00 ms.
Mono: successfully reloaded assembly
- Completed reload, in  1.469 seconds
Domain Reload Profiling:
	ReloadAssembly (1470ms)
		BeginReloadAssembly (202ms)
			ExecutionOrderSort (0ms)
			DisableScriptedObjects (5ms)
			BackupInstance (0ms)
			ReleaseScriptingObjects (0ms)
			CreateAndSetChildDomain (54ms)
		EndReloadAssembly (1160ms)
			LoadAssemblies (154ms)
			RebuildTransferFunctionScriptingTraits (0ms)
			SetupTypeCache (412ms)
			ReleaseScriptCaches (2ms)
			RebuildScriptCaches (57ms)
			SetupLoadedEditorAssemblies (530ms)
				LogAssemblyErrors (0ms)
				InitializePlatformSupportModulesInManaged (5ms)
				SetLoadedEditorAssemblies (1ms)
				RefreshPlugins (1ms)
				BeforeProcessingInitializeOnLoad (97ms)
				ProcessInitializeOnLoadAttributes (341ms)
				ProcessInitializeOnLoadMethodAttributes (82ms)
				AfterProcessingInitializeOnLoad (3ms)
				EditorAssembliesLoaded (0ms)
			ExecutionOrderSort2 (0ms)
			AwakeInstancesAfterBackupRestoration (8ms)
Platform modules already initialized, skipping
Refreshing native plugins compatible for Editor in 5.13 ms, found 3 plugins.
Preloading 0 native plugins for Editor in 0.00 ms.
Unloading 5240 Unused Serialized files (Serialized files now loaded: 0)
Unloading 32 unused Assets / (1.6 MB). Loaded Objects now: 5782.
Memory consumption went from 204.5 MB to 202.9 MB.
Total: 9.568300 ms (FindLiveObjects: 0.612800 ms CreateObjectMapping: 0.796100 ms MarkObjects: 7.221700 ms  DeleteObjects: 0.936100 ms)

AssetImportParameters requested are different than current active one (requested -> active):
  custom:video-decoder-ogg-theora: a1e56fd34408186e4bbccfd4996cb3dc -> 
  custom:container-muxer-webm: aa71ff27fc2769a1b78a27578f13a17b -> 
  custom:container-demuxer-webm: 4f35f7cbe854078d1ac9338744f61a02 -> 
  custom:video-encoder-webm-vp8: eb34c28f22e8b96e1ab97ce403110664 -> 
  custom:audio-encoder-webm-vorbis: bf7c407c2cedff20999df2af8eb42d56 -> 
  custom:framework-win-MediaFoundation: 216162199b28c13a410421893ffa2e32 -> 
  custom:container-demuxer-ogg: 62fdf1f143b41e24485cea50d1cbac27 -> 
  custom:video-decoder-webm-vp8: 9c59270c3fd7afecdb556c50c9e8de78 -> 
  custom:audio-decoder-ogg-vorbis: bf7c407c2cedff20999df2af8eb42d56 -> 
========================================================================
Received Prepare
Registering precompiled user dll's ...
Registered in 0.011585 seconds.
Begin MonoManager ReloadAssembly
Symbol file LoadedFromMemory doesn't match image D:\Fog Of War Example\Library\PackageCache\com.unity.visualscripting@1.8.0\Editor\VisualScripting.Core\Dependencies\YamlDotNet\Unity.VisualScripting.YamlDotNet.dll
Symbol file LoadedFromMemory doesn't match image D:\Fog Of War Example\Library\PackageCache\com.unity.visualscripting@1.8.0\Editor\VisualScripting.Core\Dependencies\DotNetZip\Unity.VisualScripting.IonicZip.dll
Native extension for WindowsStandalone target not found
Refreshing native plugins compatible for Editor in 0.95 ms, found 3 plugins.
Preloading 0 native plugins for Editor in 0.00 ms.
Mono: successfully reloaded assembly
- Completed reload, in  3.050 seconds
Domain Reload Profiling:
	ReloadAssembly (3054ms)
		BeginReloadAssembly (297ms)
			ExecutionOrderSort (0ms)
			DisableScriptedObjects (9ms)
			BackupInstance (0ms)
			ReleaseScriptingObjects (0ms)
			CreateAndSetChildDomain (78ms)
		EndReloadAssembly (2564ms)
			LoadAssemblies (234ms)
			RebuildTransferFunctionScriptingTraits (0ms)
			SetupTypeCache (1174ms)
			ReleaseScriptCaches (2ms)
			RebuildScriptCaches (112ms)
			SetupLoadedEditorAssemblies (1036ms)
				LogAssemblyErrors (0ms)
				InitializePlatformSupportModulesInManaged (5ms)
				SetLoadedEditorAssemblies (1ms)
				RefreshPlugins (1ms)
				BeforeProcessingInitializeOnLoad (127ms)
				ProcessInitializeOnLoadAttributes (728ms)
				ProcessInitializeOnLoadMethodAttributes (170ms)
				AfterProcessingInitializeOnLoad (5ms)
				EditorAssembliesLoaded (0ms)
			ExecutionOrderSort2 (0ms)
			AwakeInstancesAfterBackupRestoration (8ms)
Platform modules already initialized, skipping
Refreshing native plugins compatible for Editor in 4.62 ms, found 3 plugins.
Preloading 0 native plugins for Editor in 0.00 ms.
Unloading 5240 Unused Serialized files (Serialized files now loaded: 0)
Unloading 31 unused Assets / (1.6 MB). Loaded Objects now: 5797.
Memory consumption went from 204.5 MB to 202.9 MB.
Total: 19.375400 ms (FindLiveObjects: 0.551300 ms CreateObjectMapping: 4.069300 ms MarkObjects: 3.297800 ms  DeleteObjects: 11.455000 ms)

AssetImportParameters requested are different than current active one (requested -> active):
  custom:video-decoder-ogg-theora: a1e56fd34408186e4bbccfd4996cb3dc -> 
  custom:container-muxer-webm: aa71ff27fc2769a1b78a27578f13a17b -> 
  custom:container-demuxer-webm: 4f35f7cbe854078d1ac9338744f61a02 -> 
  custom:video-encoder-webm-vp8: eb34c28f22e8b96e1ab97ce403110664 -> 
  custom:audio-encoder-webm-vorbis: bf7c407c2cedff20999df2af8eb42d56 -> 
  custom:framework-win-MediaFoundation: 216162199b28c13a410421893ffa2e32 -> 
  custom:container-demuxer-ogg: 62fdf1f143b41e24485cea50d1cbac27 -> 
  custom:video-decoder-webm-vp8: 9c59270c3fd7afecdb556c50c9e8de78 -> 
  custom:audio-decoder-ogg-vorbis: bf7c407c2cedff20999df2af8eb42d56 -> 
========================================================================
Received Prepare
Registering precompiled user dll's ...
Registered in 0.007985 seconds.
Begin MonoManager ReloadAssembly
Symbol file LoadedFromMemory doesn't match image D:\Fog Of War Example\Library\PackageCache\com.unity.visualscripting@1.8.0\Editor\VisualScripting.Core\Dependencies\YamlDotNet\Unity.VisualScripting.YamlDotNet.dll
Symbol file LoadedFromMemory doesn't match image D:\Fog Of War Example\Library\PackageCache\com.unity.visualscripting@1.8.0\Editor\VisualScripting.Core\Dependencies\DotNetZip\Unity.VisualScripting.IonicZip.dll
Native extension for WindowsStandalone target not found
Refreshing native plugins compatible for Editor in 0.92 ms, found 3 plugins.
Preloading 0 native plugins for Editor in 0.00 ms.
Mono: successfully reloaded assembly
- Completed reload, in  2.159 seconds
Domain Reload Profiling:
	ReloadAssembly (2160ms)
		BeginReloadAssembly (227ms)
			ExecutionOrderSort (0ms)
			DisableScriptedObjects (6ms)
			BackupInstance (0ms)
			ReleaseScriptingObjects (0ms)
			CreateAndSetChildDomain (55ms)
		EndReloadAssembly (1738ms)
			LoadAssemblies (187ms)
			RebuildTransferFunctionScriptingTraits (0ms)
			SetupTypeCache (625ms)
			ReleaseScriptCaches (4ms)
			RebuildScriptCaches (85ms)
			SetupLoadedEditorAssemblies (771ms)
				LogAssemblyErrors (0ms)
				InitializePlatformSupportModulesInManaged (6ms)
				SetLoadedEditorAssemblies (1ms)
				RefreshPlugins (1ms)
				BeforeProcessingInitializeOnLoad (109ms)
				ProcessInitializeOnLoadAttributes (481ms)
				ProcessInitializeOnLoadMethodAttributes (169ms)
				AfterProcessingInitializeOnLoad (4ms)
				EditorAssembliesLoaded (0ms)
			ExecutionOrderSort2 (0ms)
			AwakeInstancesAfterBackupRestoration (29ms)
Platform modules already initialized, skipping
Refreshing native plugins compatible for Editor in 2.73 ms, found 3 plugins.
Preloading 0 native plugins for Editor in 0.00 ms.
Unloading 5240 Unused Serialized files (Serialized files now loaded: 0)
Unloading 31 unused Assets / (1.6 MB). Loaded Objects now: 5812.
Memory consumption went from 204.6 MB to 203.0 MB.
Total: 5.594600 ms (FindLiveObjects: 0.611600 ms CreateObjectMapping: 0.647200 ms MarkObjects: 3.523700 ms  DeleteObjects: 0.810800 ms)

AssetImportParameters requested are different than current active one (requested -> active):
  custom:video-decoder-ogg-theora: a1e56fd34408186e4bbccfd4996cb3dc -> 
  custom:container-muxer-webm: aa71ff27fc2769a1b78a27578f13a17b -> 
  custom:container-demuxer-webm: 4f35f7cbe854078d1ac9338744f61a02 -> 
  custom:video-encoder-webm-vp8: eb34c28f22e8b96e1ab97ce403110664 -> 
  custom:audio-encoder-webm-vorbis: bf7c407c2cedff20999df2af8eb42d56 -> 
  custom:framework-win-MediaFoundation: 216162199b28c13a410421893ffa2e32 -> 
  custom:container-demuxer-ogg: 62fdf1f143b41e24485cea50d1cbac27 -> 
  custom:video-decoder-webm-vp8: 9c59270c3fd7afecdb556c50c9e8de78 -> 
  custom:audio-decoder-ogg-vorbis: bf7c407c2cedff20999df2af8eb42d56 -> 
========================================================================
Received Prepare
Registering precompiled user dll's ...
Registered in 0.008913 seconds.
Begin MonoManager ReloadAssembly
Symbol file LoadedFromMemory doesn't match image D:\Fog Of War Example\Library\PackageCache\com.unity.visualscripting@1.8.0\Editor\VisualScripting.Core\Dependencies\YamlDotNet\Unity.VisualScripting.YamlDotNet.dll
Symbol file LoadedFromMemory doesn't match image D:\Fog Of War Example\Library\PackageCache\com.unity.visualscripting@1.8.0\Editor\VisualScripting.Core\Dependencies\DotNetZip\Unity.VisualScripting.IonicZip.dll
Native extension for WindowsStandalone target not found
Refreshing native plugins compatible for Editor in 0.89 ms, found 3 plugins.
Preloading 0 native plugins for Editor in 0.00 ms.
Mono: successfully reloaded assembly
- Completed reload, in  1.863 seconds
Domain Reload Profiling:
	ReloadAssembly (1864ms)
		BeginReloadAssembly (380ms)
			ExecutionOrderSort (0ms)
			DisableScriptedObjects (6ms)
			BackupInstance (0ms)
			ReleaseScriptingObjects (0ms)
			CreateAndSetChildDomain (96ms)
		EndReloadAssembly (1371ms)
			LoadAssemblies (289ms)
			RebuildTransferFunctionScriptingTraits (0ms)
			SetupTypeCache (396ms)
			ReleaseScriptCaches (2ms)
			RebuildScriptCaches (62ms)
			SetupLoadedEditorAssemblies (740ms)
				LogAssemblyErrors (0ms)
				InitializePlatformSupportModulesInManaged (6ms)
				SetLoadedEditorAssemblies (1ms)
				RefreshPlugins (1ms)
				BeforeProcessingInitializeOnLoad (104ms)
				ProcessInitializeOnLoadAttributes (492ms)
				ProcessInitializeOnLoadMethodAttributes (133ms)
				AfterProcessingInitializeOnLoad (4ms)
				EditorAssembliesLoaded (0ms)
			ExecutionOrderSort2 (0ms)
			AwakeInstancesAfterBackupRestoration (14ms)
Platform modules already initialized, skipping
Refreshing native plugins compatible for Editor in 2.27 ms, found 3 plugins.
Preloading 0 native plugins for Editor in 0.00 ms.
Unloading 5240 Unused Serialized files (Serialized files now loaded: 0)
Unloading 31 unused Assets / (1.6 MB). Loaded Objects now: 5827.
Memory consumption went from 204.6 MB to 203.0 MB.
Total: 4.531200 ms (FindLiveObjects: 0.478500 ms CreateObjectMapping: 0.507600 ms MarkObjects: 2.791500 ms  DeleteObjects: 0.752400 ms)

AssetImportParameters requested are different than current active one (requested -> active):
  custom:video-decoder-ogg-theora: a1e56fd34408186e4bbccfd4996cb3dc -> 
  custom:container-muxer-webm: aa71ff27fc2769a1b78a27578f13a17b -> 
  custom:container-demuxer-webm: 4f35f7cbe854078d1ac9338744f61a02 -> 
  custom:video-encoder-webm-vp8: eb34c28f22e8b96e1ab97ce403110664 -> 
  custom:audio-encoder-webm-vorbis: bf7c407c2cedff20999df2af8eb42d56 -> 
  custom:framework-win-MediaFoundation: 216162199b28c13a410421893ffa2e32 -> 
  custom:container-demuxer-ogg: 62fdf1f143b41e24485cea50d1cbac27 -> 
  custom:video-decoder-webm-vp8: 9c59270c3fd7afecdb556c50c9e8de78 -> 
  custom:audio-decoder-ogg-vorbis: bf7c407c2cedff20999df2af8eb42d56 -> 
========================================================================
Received Prepare
Registering precompiled user dll's ...
Registered in 0.007935 seconds.
Begin MonoManager ReloadAssembly
Symbol file LoadedFromMemory doesn't match image D:\Fog Of War Example\Library\PackageCache\com.unity.visualscripting@1.8.0\Editor\VisualScripting.Core\Dependencies\YamlDotNet\Unity.VisualScripting.YamlDotNet.dll
Symbol file LoadedFromMemory doesn't match image D:\Fog Of War Example\Library\PackageCache\com.unity.visualscripting@1.8.0\Editor\VisualScripting.Core\Dependencies\DotNetZip\Unity.VisualScripting.IonicZip.dll
Native extension for WindowsStandalone target not found
Refreshing native plugins compatible for Editor in 0.94 ms, found 3 plugins.
Preloading 0 native plugins for Editor in 0.00 ms.
Mono: successfully reloaded assembly
- Completed reload, in  1.460 seconds
Domain Reload Profiling:
	ReloadAssembly (1461ms)
		BeginReloadAssembly (191ms)
			ExecutionOrderSort (0ms)
			DisableScriptedObjects (6ms)
			BackupInstance (0ms)
			ReleaseScriptingObjects (0ms)
			CreateAndSetChildDomain (46ms)
		EndReloadAssembly (1158ms)
			LoadAssemblies (152ms)
			RebuildTransferFunctionScriptingTraits (0ms)
			SetupTypeCache (390ms)
			ReleaseScriptCaches (2ms)
			RebuildScriptCaches (59ms)
			SetupLoadedEditorAssemblies (545ms)
				LogAssemblyErrors (0ms)
				InitializePlatformSupportModulesInManaged (5ms)
				SetLoadedEditorAssemblies (1ms)
				RefreshPlugins (1ms)
				BeforeProcessingInitializeOnLoad (95ms)
				ProcessInitializeOnLoadAttributes (347ms)
				ProcessInitializeOnLoadMethodAttributes (92ms)
				AfterProcessingInitializeOnLoad (4ms)
				EditorAssembliesLoaded (0ms)
			ExecutionOrderSort2 (0ms)
			AwakeInstancesAfterBackupRestoration (8ms)
Platform modules already initialized, skipping
Refreshing native plugins compatible for Editor in 2.45 ms, found 3 plugins.
Preloading 0 native plugins for Editor in 0.00 ms.
Unloading 5240 Unused Serialized files (Serialized files now loaded: 0)
Unloading 31 unused Assets / (1.6 MB). Loaded Objects now: 5842.
Memory consumption went from 204.6 MB to 203.0 MB.
Total: 4.950700 ms (FindLiveObjects: 0.611100 ms CreateObjectMapping: 0.408000 ms MarkObjects: 3.135200 ms  DeleteObjects: 0.795200 ms)

AssetImportParameters requested are different than current active one (requested -> active):
  custom:video-decoder-ogg-theora: a1e56fd34408186e4bbccfd4996cb3dc -> 
  custom:container-muxer-webm: aa71ff27fc2769a1b78a27578f13a17b -> 
  custom:container-demuxer-webm: 4f35f7cbe854078d1ac9338744f61a02 -> 
  custom:video-encoder-webm-vp8: eb34c28f22e8b96e1ab97ce403110664 -> 
  custom:audio-encoder-webm-vorbis: bf7c407c2cedff20999df2af8eb42d56 -> 
  custom:framework-win-MediaFoundation: 216162199b28c13a410421893ffa2e32 -> 
  custom:container-demuxer-ogg: 62fdf1f143b41e24485cea50d1cbac27 -> 
  custom:video-decoder-webm-vp8: 9c59270c3fd7afecdb556c50c9e8de78 -> 
  custom:audio-decoder-ogg-vorbis: bf7c407c2cedff20999df2af8eb42d56 -> 
========================================================================
Received Prepare
Registering precompiled user dll's ...
Registered in 0.007556 seconds.
Begin MonoManager ReloadAssembly
Symbol file LoadedFromMemory doesn't match image D:\Fog Of War Example\Library\PackageCache\com.unity.visualscripting@1.8.0\Editor\VisualScripting.Core\Dependencies\YamlDotNet\Unity.VisualScripting.YamlDotNet.dll
Symbol file LoadedFromMemory doesn't match image D:\Fog Of War Example\Library\PackageCache\com.unity.visualscripting@1.8.0\Editor\VisualScripting.Core\Dependencies\DotNetZip\Unity.VisualScripting.IonicZip.dll
Native extension for WindowsStandalone target not found
Refreshing native plugins compatible for Editor in 1.04 ms, found 3 plugins.
Preloading 0 native plugins for Editor in 0.00 ms.
Mono: successfully reloaded assembly
- Completed reload, in  1.432 seconds
Domain Reload Profiling:
	ReloadAssembly (1433ms)
		BeginReloadAssembly (193ms)
			ExecutionOrderSort (0ms)
			DisableScriptedObjects (6ms)
			BackupInstance (0ms)
			ReleaseScriptingObjects (0ms)
			CreateAndSetChildDomain (48ms)
		EndReloadAssembly (1128ms)
			LoadAssemblies (150ms)
			RebuildTransferFunctionScriptingTraits (0ms)
			SetupTypeCache (388ms)
			ReleaseScriptCaches (2ms)
			RebuildScriptCaches (60ms)
			SetupLoadedEditorAssemblies (513ms)
				LogAssemblyErrors (0ms)
				InitializePlatformSupportModulesInManaged (6ms)
				SetLoadedEditorAssemblies (1ms)
				RefreshPlugins (1ms)
				BeforeProcessingInitializeOnLoad (94ms)
				ProcessInitializeOnLoadAttributes (323ms)
				ProcessInitializeOnLoadMethodAttributes (83ms)
				AfterProcessingInitializeOnLoad (4ms)
				EditorAssembliesLoaded (0ms)
			ExecutionOrderSort2 (0ms)
			AwakeInstancesAfterBackupRestoration (7ms)
Platform modules already initialized, skipping
Refreshing native plugins compatible for Editor in 2.62 ms, found 3 plugins.
Preloading 0 native plugins for Editor in 0.00 ms.
Unloading 5240 Unused Serialized files (Serialized files now loaded: 0)
Unloading 31 unused Assets / (1.6 MB). Loaded Objects now: 5857.
Memory consumption went from 204.6 MB to 203.0 MB.
Total: 10.373200 ms (FindLiveObjects: 0.540000 ms CreateObjectMapping: 1.142200 ms MarkObjects: 7.626400 ms  DeleteObjects: 1.063100 ms)

AssetImportParameters requested are different than current active one (requested -> active):
  custom:video-decoder-ogg-theora: a1e56fd34408186e4bbccfd4996cb3dc -> 
  custom:container-muxer-webm: aa71ff27fc2769a1b78a27578f13a17b -> 
  custom:container-demuxer-webm: 4f35f7cbe854078d1ac9338744f61a02 -> 
  custom:video-encoder-webm-vp8: eb34c28f22e8b96e1ab97ce403110664 -> 
  custom:audio-encoder-webm-vorbis: bf7c407c2cedff20999df2af8eb42d56 -> 
  custom:framework-win-MediaFoundation: 216162199b28c13a410421893ffa2e32 -> 
  custom:container-demuxer-ogg: 62fdf1f143b41e24485cea50d1cbac27 -> 
  custom:video-decoder-webm-vp8: 9c59270c3fd7afecdb556c50c9e8de78 -> 
  custom:audio-decoder-ogg-vorbis: bf7c407c2cedff20999df2af8eb42d56 -> 
